<?xml version="1.0" encoding="UTF-8"?>
<testng-results skipped="1" failed="0" total="1" passed="0">
  <reporter-output>
  </reporter-output>
  <suite name="Default suite" duration-ms="35" started-at="2016-05-24T12:20:45Z" finished-at="2016-05-24T12:20:45Z">
    <groups>
    </groups>
    <test name="Default test" duration-ms="35" started-at="2016-05-24T12:20:45Z" finished-at="2016-05-24T12:20:45Z">
      <class name="com.levi9.ison.FoodOrdersISON.tests.AddRecommendation">
        <test-method status="FAIL" signature="setUp(java.lang.String)[pri:0, instance:com.levi9.ison.FoodOrdersISON.tests.AddRecommendation@a7e666]" name="setUp" is-config="true" duration-ms="0" started-at="2016-05-24T14:20:45Z" finished-at="2016-05-24T14:20:45Z">
          <exception class="org.testng.TestNGException">
            <message>
              <![CDATA[
Parameter 'profile' is required by @Configuration on method setUp but has not been marked @Optional or defined
in C:\Users\m.tanovic\AppData\Local\Temp\testng-eclipse-1865384483\testng-customsuite.xml]]>
            </message>
            <full-stacktrace>
              <![CDATA[org.testng.TestNGException: 
Parameter 'profile' is required by @Configuration on method setUp but has not been marked @Optional or defined
in C:\Users\m.tanovic\AppData\Local\Temp\testng-eclipse-1865384483\testng-customsuite.xml
	at org.testng.internal.Parameters.createParameters(Parameters.java:155)
	at org.testng.internal.Parameters.createParameters(Parameters.java:358)
	at org.testng.internal.Parameters.createConfigurationParameters(Parameters.java:86)
	at org.testng.internal.Invoker.invokeConfigurations(Invoker.java:199)
	at org.testng.internal.Invoker.invokeMethod(Invoker.java:653)
	at org.testng.internal.Invoker.invokeTestMethod(Invoker.java:901)
	at org.testng.internal.Invoker.invokeTestMethods(Invoker.java:1231)
	at org.testng.internal.TestMethodWorker.invokeTestMethods(TestMethodWorker.java:127)
	at org.testng.internal.TestMethodWorker.run(TestMethodWorker.java:111)
	at org.testng.TestRunner.privateRun(TestRunner.java:767)
	at org.testng.TestRunner.run(TestRunner.java:617)
	at org.testng.SuiteRunner.runTest(SuiteRunner.java:334)
	at org.testng.SuiteRunner.runSequentially(SuiteRunner.java:329)
	at org.testng.SuiteRunner.privateRun(SuiteRunner.java:291)
	at org.testng.SuiteRunner.run(SuiteRunner.java:240)
	at org.testng.SuiteRunnerWorker.runSuite(SuiteRunnerWorker.java:52)
	at org.testng.SuiteRunnerWorker.run(SuiteRunnerWorker.java:86)
	at org.testng.TestNG.runSuitesSequentially(TestNG.java:1224)
	at org.testng.TestNG.runSuitesLocally(TestNG.java:1149)
	at org.testng.TestNG.run(TestNG.java:1057)
	at org.testng.remote.AbstractRemoteTestNG.run(AbstractRemoteTestNG.java:126)
	at org.testng.remote.RemoteTestNG.initAndRun(RemoteTestNG.java:137)
	at org.testng.remote.RemoteTestNG.main(RemoteTestNG.java:58)
]]>
            </full-stacktrace>
          </exception> <!-- org.testng.TestNGException -->
          <reporter-output>
          </reporter-output>
        </test-method> <!-- setUp -->
        <test-method status="SKIP" signature="testAddARecomendation()[pri:0, instance:com.levi9.ison.FoodOrdersISON.tests.AddRecommendation@a7e666]" name="testAddARecomendation" duration-ms="12" started-at="2016-05-24T14:20:45Z" finished-at="2016-05-24T14:20:45Z">
          <reporter-output>
          </reporter-output>
        </test-method> <!-- testAddARecomendation -->
        <test-method status="SKIP" signature="closeDriver()[pri:0, instance:com.levi9.ison.FoodOrdersISON.tests.AddRecommendation@a7e666]" name="closeDriver" is-config="true" duration-ms="0" started-at="2016-05-24T14:20:45Z" finished-at="2016-05-24T14:20:45Z">
          <reporter-output>
          </reporter-output>
        </test-method> <!-- closeDriver -->
      </class> <!-- com.levi9.ison.FoodOrdersISON.tests.AddRecommendation -->
    </test> <!-- Default test -->
  </suite> <!-- Default suite -->
</testng-results>
